<?xml version="1.0" encoding="UTF-8"?>
<testng-results ignored="0" total="2" passed="2" failed="0" skipped="0">
  <reporter-output>
  </reporter-output>
  <suite started-at="2025-06-16T15:52:07 IST" name="Default suite" finished-at="2025-06-16T15:52:15 IST" duration-ms="8080">
    <groups>
      <group name="SmokeSuite">
        <method signature="AddProductToCartTest.Tc_001_AddProductToCartTest()[pri:0, instance:TestNG.AddProductToCartTest@55fe41ea]" name="Tc_001_AddProductToCartTest" class="TestNG.AddProductToCartTest"/>
      </group> <!-- SmokeSuite -->
    </groups>
    <test started-at="2025-06-16T15:52:07 IST" name="Default test" finished-at="2025-06-16T15:52:15 IST" duration-ms="8080">
      <class name="TestNG.AddProductToCartTest">
        <test-method is-config="true" signature="bsConfig()[pri:0, instance:TestNG.AddProductToCartTest@55fe41ea]" started-at="2025-06-16T15:52:07 IST" name="bsConfig" finished-at="2025-06-16T15:52:07 IST" duration-ms="11" status="PASS">
          <reporter-output>
          </reporter-output>
        </test-method> <!-- bsConfig -->
        <test-method is-config="true" signature="bcConfig()[pri:0, instance:TestNG.AddProductToCartTest@55fe41ea]" started-at="2025-06-16T15:52:07 IST" name="bcConfig" finished-at="2025-06-16T15:52:10 IST" duration-ms="2705" status="PASS">
          <reporter-output>
          </reporter-output>
        </test-method> <!-- bcConfig -->
        <test-method is-config="true" signature="bmConfig()[pri:0, instance:TestNG.AddProductToCartTest@55fe41ea]" started-at="2025-06-16T15:52:10 IST" name="bmConfig" finished-at="2025-06-16T15:52:12 IST" duration-ms="2306" status="PASS">
          <reporter-output>
          </reporter-output>
        </test-method> <!-- bmConfig -->
        <test-method signature="Tc_001_AddProductToCartTest()[pri:0, instance:TestNG.AddProductToCartTest@55fe41ea]" started-at="2025-06-16T15:52:12 IST" name="Tc_001_AddProductToCartTest" finished-at="2025-06-16T15:52:14 IST" duration-ms="1263" status="PASS">
          <reporter-output>
          </reporter-output>
        </test-method> <!-- Tc_001_AddProductToCartTest -->
        <test-method is-config="true" signature="amConfig()[pri:0, instance:TestNG.AddProductToCartTest@55fe41ea]" started-at="2025-06-16T15:52:14 IST" name="amConfig" finished-at="2025-06-16T15:52:14 IST" duration-ms="367" status="PASS">
          <reporter-output>
          </reporter-output>
        </test-method> <!-- amConfig -->
        <test-method is-config="true" signature="bmConfig()[pri:0, instance:TestNG.AddProductToCartTest@55fe41ea]" started-at="2025-06-16T15:52:14 IST" name="bmConfig" finished-at="2025-06-16T15:52:14 IST" duration-ms="389" status="PASS">
          <reporter-output>
          </reporter-output>
        </test-method> <!-- bmConfig -->
        <test-method signature="sample()[pri:0, instance:TestNG.AddProductToCartTest@55fe41ea]" started-at="2025-06-16T15:52:14 IST" name="sample" finished-at="2025-06-16T15:52:14 IST" duration-ms="4" status="PASS">
          <reporter-output>
          </reporter-output>
        </test-method> <!-- sample -->
        <test-method is-config="true" signature="amConfig()[pri:0, instance:TestNG.AddProductToCartTest@55fe41ea]" started-at="2025-06-16T15:52:14 IST" name="amConfig" finished-at="2025-06-16T15:52:15 IST" duration-ms="336" status="PASS">
          <reporter-output>
          </reporter-output>
        </test-method> <!-- amConfig -->
        <test-method is-config="true" signature="acConfig()[pri:0, instance:TestNG.AddProductToCartTest@55fe41ea]" started-at="2025-06-16T15:52:15 IST" name="acConfig" finished-at="2025-06-16T15:52:15 IST" duration-ms="302" status="PASS">
          <reporter-output>
          </reporter-output>
        </test-method> <!-- acConfig -->
        <test-method is-config="true" signature="asConfig()[pri:0, instance:TestNG.AddProductToCartTest@55fe41ea]" started-at="2025-06-16T15:52:16 IST" name="asConfig" finished-at="2025-06-16T15:52:16 IST" duration-ms="0" status="PASS">
          <reporter-output>
          </reporter-output>
        </test-method> <!-- asConfig -->
      </class> <!-- TestNG.AddProductToCartTest -->
    </test> <!-- Default test -->
  </suite> <!-- Default suite -->
</testng-results>
